\BOOKMARK [1][-]{section.1}{\376\377\137\025\212\000}{}% 1
\BOOKMARK [1][-]{section.2}{\376\377\166\370\121\163\135\345\117\134}{}% 2
\BOOKMARK [2][-]{subsection.2.1}{\376\377\134\017\154\342\123\330\143\142\116\016\134\017\154\342\123\167\171\357}{section.2}% 3
\BOOKMARK [2][-]{subsection.2.2}{\376\377\230\221\127\337\136\372\152\041\116\016\122\250\140\001\156\344\154\342}{section.2}% 4
\BOOKMARK [2][-]{subsection.2.3}{\376\377\172\172\225\364\225\350\143\247\116\016\117\115\177\156\147\141\116\366\123\026\214\003\122\066}{section.2}% 5
\BOOKMARK [2][-]{subsection.2.4}{\376\377\154\350\141\017\122\233\147\072\122\066\116\016\162\171\137\201\207\215\124\010}{section.2}% 6
\BOOKMARK [1][-]{section.3}{\376\377\145\271\154\325}{}% 7
\BOOKMARK [2][-]{subsection.3.1}{\376\377\230\204\131\007\377\032\116\214\176\364\171\273\145\143\134\017\154\342\122\006\147\220\116\016\124\010\142\020}{section.3}% 8
\BOOKMARK [2][-]{subsection.3.2}{\376\377\127\372\176\277\377\032\000W\000T\000C\000o\000n\000v\0002\000d\000\040\166\204\133\120\136\046\131\004\164\006\116\016\207\215\124\010\145\271\137\017}{section.3}% 9
\BOOKMARK [2][-]{subsection.3.3}{\376\377\000A\000W\000T\000C\000o\000n\000v\0002\000d\377\032\201\352\220\002\136\224\134\017\154\342\133\120\136\046\000\040\000T\000o\000k\000e\000n\000\040\000M\000i\000x\000e\000r}{section.3}% 10
\BOOKMARK [2][-]{subsection.3.4}{\376\377\134\017\154\342\221\315\136\372\116\016\215\350\122\006\145\057\120\317\175\040\176\247\207\215\124\010}{section.3}% 11
\BOOKMARK [2][-]{subsection.3.5}{\376\377\131\015\147\102\136\246\116\016\123\357\143\322\142\324\140\047\213\250\213\272}{section.3}% 12
\BOOKMARK [1][-]{section.4}{\376\377\133\236\232\214}{}% 13
\BOOKMARK [2][-]{subsection.4.1}{\376\377\133\236\232\214\213\276\177\156}{section.4}% 14
\BOOKMARK [2][-]{subsection.4.2}{\376\377\133\371\153\324\145\271\154\325}{section.4}% 15
\BOOKMARK [2][-]{subsection.4.3}{\376\377\116\073\176\323\147\234}{section.4}% 16
\BOOKMARK [2][-]{subsection.4.4}{\376\377\155\210\207\215\133\236\232\214}{section.4}% 17
\BOOKMARK [2][-]{subsection.4.5}{\376\377\133\232\140\047\122\006\147\220\116\016\213\250\213\272\377\010\123\357\220\011\377\011}{section.4}% 18
\BOOKMARK [2][-]{subsection.4.6}{\376\377\227\000\211\201\117\140\143\320\117\233\166\204\117\341\140\157\377\010\165\050\116\216\142\212\123\140\117\115\173\046\146\377\143\142\116\072\167\037\133\236\176\323\147\234\377\011}{section.4}% 19
\BOOKMARK [1][-]{section.5}{\376\377\176\323\213\272}{}% 20
\BOOKMARK [1][-]{section*.1}{\376\377\000R\000e\000f\000e\000r\000e\000n\000c\000e\000s}{}% 21
